[debug] > Exec(early(addDefaultCommands), None, None)
[debug] > Exec(addDefaultCommands, None, None)
[debug] > Exec(early(initialize), None, None)
[debug] > Exec(initialize, None, None)
[debug] > Exec(boot, None, None)
[debug] > Exec(writeSbtVersion, None, None)
[debug] > Exec(reload, None, None)
[debug] > Exec(sbtStashOnFailure, None, None)
[debug] > Exec(onFailure loadFailed, None, None)
[debug] > Exec(loadp, None, None)
[info] welcome to sbt 1.4.2 (Oracle Corporation Java 15.0.1)
[debug] Load.defaultLoad until apply took 637.0985ms
[debug]           Load.loadUnit: plugins took 121.7998ms
[debug]           Load.loadUnit: defsScala took 0.3123ms
[debug] [Loading] Scanning directory F:\SPARK APP TAKS 2\project
[debug] [Loading] Found non-root projects 
[debug] [Loading] Done in F:\SPARK APP TAKS 2\project, returning: ()
[debug] deducing auto plugins based on known facts Set(Atom(sbt.plugins.CorePlugin)) and clauses Clauses(List(Clause(Atom(sbt.plugins.JvmPlugin),Set(Atom(sbt.plugins.IvyPlugin))), Clause(Atom(sbt.ScriptedPlugin),Set(Atom(sbt.plugins.JvmPlugin))), Clause(Atom(sbt.plugins.SbtPlugin),Set(Atom(sbt.ScriptedPlugin))), Clause(Atom(sbt.plugins.SemanticdbPlugin),Set(Atom(sbt.plugins.JvmPlugin))), Clause(Atom(sbt.plugins.JUnitXmlReportPlugin),Set(Atom(sbt.plugins.JvmPlugin))), Clause(Atom(sbt.plugins.MiniDependencyTreePlugin),Set(Atom(sbt.plugins.JvmPlugin))), Clause(Atom(sbt.plugins.CorePlugin),Set(Atom(sbt.plugins.IvyPlugin))), Clause(Atom(sbt.plugins.IvyPlugin),Set(Atom(sbt.plugins.JvmPlugin))), Clause(Atom(sbt.plugins.JvmPlugin),Set(Atom(sbt.plugins.SemanticdbPlugin))), Clause(Atom(sbt.plugins.JvmPlugin),Set(Atom(sbt.plugins.JUnitXmlReportPlugin))), Clause(Atom(sbt.plugins.CorePlugin),Set(Atom(sbt.plugins.Giter8TemplatePlugin))), Clause(Atom(sbt.plugins.JvmPlugin),Set(Atom(sbt.plugins.MiniDependencyTreePlugin)))))
[debug]   :: deduced result: Matched(sbt.plugins.CorePlugin,sbt.plugins.Giter8TemplatePlugin,sbt.plugins.IvyPlugin,sbt.plugins.JvmPlugin,sbt.plugins.MiniDependencyTreePlugin,sbt.plugins.JUnitXmlReportPlugin,sbt.plugins.SemanticdbPlugin)
[debug] Plugins.deducer#function took 32.3061 ms
[debug]               Load.resolveProject(spark-app-taks-2-build) took 58.6073ms
[debug]             Load.loadTransitive: finalizeProject(Project(id spark-app-taks-2-build, base: F:\SPARK APP TAKS 2\project, plugins: List(<none>))) took 125.592ms
[debug] [Loading] Done in F:\SPARK APP TAKS 2\project, returning: (spark-app-taks-2-build)
[debug]           Load.loadUnit: loadedProjectsRaw took 151.1512ms
[debug]           Load.loadUnit: cleanEvalClasses took 0.3492ms
[debug]         Load.loadUnit(file:/F:/SPARK%20APP%20TAKS%202/project/, ...) took 279.9434ms
[debug]       Load.apply: load took 499.4336ms
[debug]       Load.apply: resolveProjects took 9.2605ms
[debug]       Load.apply: finalTransforms took 83.4911ms
[debug]       Load.apply: config.delegates took 12.74ms
[debug]       Load.apply: Def.make(settings)... took 1478.9776ms
[debug]       Load.apply: structureIndex took 193.0946ms
[debug]       Load.apply: mkStreams took 3.4622ms
[info] loading project definition from F:\SPARK APP TAKS 2\project
[debug] Running task... Cancel: Signal, check cycles: false, forcegc: true
[debug]     Load.loadUnit: plugins took 4614.4044ms
[debug]     Load.loadUnit: defsScala took 0.0089ms
[debug] [Loading] Scanning directory F:\SPARK APP TAKS 2
[debug]       Load.loadUnit: mkEval took 7.3479ms
[debug] [Loading] Found non-root projects 
[debug] [Loading] Done in F:\SPARK APP TAKS 2, returning: ()
[debug] deducing auto plugins based on known facts Set(Atom(sbt.plugins.CorePlugin)) and clauses Clauses(List(Clause(Atom(sbt.plugins.JvmPlugin),Set(Atom(sbt.plugins.IvyPlugin))), Clause(Atom(sbt.ScriptedPlugin),Set(Atom(sbt.plugins.JvmPlugin))), Clause(Atom(sbt.plugins.SbtPlugin),Set(Atom(sbt.ScriptedPlugin))), Clause(Atom(sbt.plugins.SemanticdbPlugin),Set(Atom(sbt.plugins.JvmPlugin))), Clause(Atom(sbt.plugins.JUnitXmlReportPlugin),Set(Atom(sbt.plugins.JvmPlugin))), Clause(Atom(sbt.plugins.MiniDependencyTreePlugin),Set(Atom(sbt.plugins.JvmPlugin))), Clause(Atom(sbt.plugins.CorePlugin),Set(Atom(sbt.plugins.IvyPlugin))), Clause(Atom(sbt.plugins.IvyPlugin),Set(Atom(sbt.plugins.JvmPlugin))), Clause(Atom(sbt.plugins.JvmPlugin),Set(Atom(sbt.plugins.SemanticdbPlugin))), Clause(Atom(sbt.plugins.JvmPlugin),Set(Atom(sbt.plugins.JUnitXmlReportPlugin))), Clause(Atom(sbt.plugins.CorePlugin),Set(Atom(sbt.plugins.Giter8TemplatePlugin))), Clause(Atom(sbt.plugins.JvmPlugin),Set(Atom(sbt.plugins.MiniDependencyTreePlugin)))))
[debug]   :: deduced result: Matched(sbt.plugins.CorePlugin,sbt.plugins.Giter8TemplatePlugin,sbt.plugins.IvyPlugin,sbt.plugins.JvmPlugin,sbt.plugins.MiniDependencyTreePlugin,sbt.plugins.JUnitXmlReportPlugin,sbt.plugins.SemanticdbPlugin)
[debug] Plugins.deducer#function took 4.6131 ms
[info] loading settings for project spark-app-taks-2 from simple.sbt ...
[debug]         Load.resolveProject(spark-app-taks-2) took 5.5397ms
[debug]       Load.loadTransitive: finalizeProject(Project(id spark-app-taks-2, base: F:\SPARK APP TAKS 2, plugins: List(<none>))) took 11.2666ms
[debug] [Loading] Done in F:\SPARK APP TAKS 2, returning: (spark-app-taks-2)
[debug]     Load.loadUnit: loadedProjectsRaw took 206.838ms
[debug]     Load.loadUnit: cleanEvalClasses took 24.6702ms
[debug]   Load.loadUnit(file:/F:/SPARK%20APP%20TAKS%202/, ...) took 4847.7276ms
[debug] Load.apply: load took 4876.0087ms
[debug] Load.apply: resolveProjects took 0.1137ms
[debug] Load.apply: finalTransforms took 18.7175ms
[debug] Load.apply: config.delegates took 1.8734ms
[debug] Load.apply: Def.make(settings)... took 221.7ms
[debug] Load.apply: structureIndex took 62.1546ms
[debug] Load.apply: mkStreams took 0.0029ms
[info] set current project to Simple Project (in build file:/F:/SPARK%20APP%20TAKS%202/)
[debug] > Exec(sbtPopOnFailure, None, None)
[debug] > Exec(resumeFromFailure, None, None)
[debug] > Exec(notifyUsersAboutShell, None, None)
[debug] > Exec(iflast shell, None, None)
[debug] > Exec(shell, None, None)
[info] sbt server started at local:sbt-server-e1529b78c5ac6ee3ba90
[debug] Forcing garbage collection...
