[debug] > Exec(early(addDefaultCommands), None, None)
[debug] > Exec(addDefaultCommands, None, None)
[debug] > Exec(early(initialize), None, None)
[debug] > Exec(initialize, None, None)
[debug] > Exec(boot, None, None)
[debug] > Exec(writeSbtVersion, None, None)
[debug] > Exec(reload, None, None)
[debug] > Exec(sbtStashOnFailure, None, None)
[debug] > Exec(onFailure loadFailed, None, None)
[debug] > Exec(loadp, None, None)
[info] welcome to sbt 1.4.2 (Oracle Corporation Java 15.0.1)
[debug] Load.defaultLoad until apply took 279.7584ms
[debug]           Load.loadUnit: plugins took 119.7217ms
[debug]           Load.loadUnit: defsScala took 0.4348ms
[debug] [Loading] Scanning directory F:\SPARK APP TAKS 2\project
[debug] [Loading] Found non-root projects 
[debug] [Loading] Done in F:\SPARK APP TAKS 2\project, returning: ()
[debug] deducing auto plugins based on known facts Set(Atom(sbt.plugins.CorePlugin)) and clauses Clauses(List(Clause(Atom(sbt.plugins.JvmPlugin),Set(Atom(sbt.plugins.IvyPlugin))), Clause(Atom(sbt.ScriptedPlugin),Set(Atom(sbt.plugins.JvmPlugin))), Clause(Atom(sbt.plugins.SbtPlugin),Set(Atom(sbt.ScriptedPlugin))), Clause(Atom(sbt.plugins.SemanticdbPlugin),Set(Atom(sbt.plugins.JvmPlugin))), Clause(Atom(sbt.plugins.JUnitXmlReportPlugin),Set(Atom(sbt.plugins.JvmPlugin))), Clause(Atom(sbt.plugins.MiniDependencyTreePlugin),Set(Atom(sbt.plugins.JvmPlugin))), Clause(Atom(sbt.plugins.CorePlugin),Set(Atom(sbt.plugins.IvyPlugin))), Clause(Atom(sbt.plugins.IvyPlugin),Set(Atom(sbt.plugins.JvmPlugin))), Clause(Atom(sbt.plugins.JvmPlugin),Set(Atom(sbt.plugins.SemanticdbPlugin))), Clause(Atom(sbt.plugins.JvmPlugin),Set(Atom(sbt.plugins.JUnitXmlReportPlugin))), Clause(Atom(sbt.plugins.CorePlugin),Set(Atom(sbt.plugins.Giter8TemplatePlugin))), Clause(Atom(sbt.plugins.JvmPlugin),Set(Atom(sbt.plugins.MiniDependencyTreePlugin)))))
[debug]   :: deduced result: Matched(sbt.plugins.CorePlugin,sbt.plugins.Giter8TemplatePlugin,sbt.plugins.IvyPlugin,sbt.plugins.JvmPlugin,sbt.plugins.MiniDependencyTreePlugin,sbt.plugins.JUnitXmlReportPlugin,sbt.plugins.SemanticdbPlugin)
[debug] Plugins.deducer#function took 33.2546 ms
[debug]               Load.resolveProject(spark-app-taks-2-build) took 71.8746ms
[debug]             Load.loadTransitive: finalizeProject(Project(id spark-app-taks-2-build, base: F:\SPARK APP TAKS 2\project, plugins: List(<none>))) took 138.2ms
[debug] [Loading] Done in F:\SPARK APP TAKS 2\project, returning: (spark-app-taks-2-build)
[debug]           Load.loadUnit: loadedProjectsRaw took 172.4305ms
[debug]           Load.loadUnit: cleanEvalClasses took 0.2374ms
[debug]         Load.loadUnit(file:/F:/SPARK%20APP%20TAKS%202/project/, ...) took 300.5354ms
[debug]       Load.apply: load took 464.2474ms
[debug]       Load.apply: resolveProjects took 6.3586ms
[debug]       Load.apply: finalTransforms took 79.6048ms
[debug]       Load.apply: config.delegates took 14.2944ms
[debug]       Load.apply: Def.make(settings)... took 1263.2062ms
[debug]       Load.apply: structureIndex took 151.8514ms
[debug]       Load.apply: mkStreams took 2.2843ms
[info] loading project definition from F:\SPARK APP TAKS 2\project
[debug] Running task... Cancel: Signal, check cycles: false, forcegc: true
[debug]     Load.loadUnit: plugins took 20823.4384ms
[debug]     Load.loadUnit: defsScala took 0.0026ms
[debug] [Loading] Scanning directory F:\SPARK APP TAKS 2
[debug]       Load.loadUnit: mkEval took 6.0177ms
[debug] [Loading] Found non-root projects 
[debug] [Loading] Done in F:\SPARK APP TAKS 2, returning: ()
[debug] deducing auto plugins based on known facts Set(Atom(sbt.plugins.CorePlugin)) and clauses Clauses(List(Clause(Atom(sbt.plugins.JvmPlugin),Set(Atom(sbt.plugins.IvyPlugin))), Clause(Atom(sbt.ScriptedPlugin),Set(Atom(sbt.plugins.JvmPlugin))), Clause(Atom(sbt.plugins.SbtPlugin),Set(Atom(sbt.ScriptedPlugin))), Clause(Atom(sbt.plugins.SemanticdbPlugin),Set(Atom(sbt.plugins.JvmPlugin))), Clause(Atom(sbt.plugins.JUnitXmlReportPlugin),Set(Atom(sbt.plugins.JvmPlugin))), Clause(Atom(sbt.plugins.MiniDependencyTreePlugin),Set(Atom(sbt.plugins.JvmPlugin))), Clause(Atom(sbt.plugins.CorePlugin),Set(Atom(sbt.plugins.IvyPlugin))), Clause(Atom(sbt.plugins.IvyPlugin),Set(Atom(sbt.plugins.JvmPlugin))), Clause(Atom(sbt.plugins.JvmPlugin),Set(Atom(sbt.plugins.SemanticdbPlugin))), Clause(Atom(sbt.plugins.JvmPlugin),Set(Atom(sbt.plugins.JUnitXmlReportPlugin))), Clause(Atom(sbt.plugins.CorePlugin),Set(Atom(sbt.plugins.Giter8TemplatePlugin))), Clause(Atom(sbt.plugins.JvmPlugin),Set(Atom(sbt.plugins.MiniDependencyTreePlugin)))))
[debug]   :: deduced result: Matched(sbt.plugins.CorePlugin,sbt.plugins.Giter8TemplatePlugin,sbt.plugins.IvyPlugin,sbt.plugins.JvmPlugin,sbt.plugins.MiniDependencyTreePlugin,sbt.plugins.JUnitXmlReportPlugin,sbt.plugins.SemanticdbPlugin)
[debug] Plugins.deducer#function took 1.6982 ms
[info] loading settings for project spark-app-taks-2 from simple.sbt ...
[debug]         Load.resolveProject(spark-app-taks-2) took 10.4479ms
[debug]       Load.loadTransitive: finalizeProject(Project(id spark-app-taks-2, base: F:\SPARK APP TAKS 2, plugins: List(<none>))) took 12.9164ms
[debug] [Loading] Done in F:\SPARK APP TAKS 2, returning: (spark-app-taks-2)
[debug]     Load.loadUnit: loadedProjectsRaw took 3242.996ms
[debug]     Load.loadUnit: cleanEvalClasses took 906.8018ms
[debug]   Load.loadUnit(file:/F:/SPARK%20APP%20TAKS%202/, ...) took 24975.3736ms
[debug] Load.apply: load took 25006.0854ms
[debug] Load.apply: resolveProjects took 0.0776ms
[debug] Load.apply: finalTransforms took 11.116ms
[debug] Load.apply: config.delegates took 0.5724ms
[debug] Load.apply: Def.make(settings)... took 120.189ms
[debug] Load.apply: structureIndex took 36.1098ms
[debug] Load.apply: mkStreams took 0.0022ms
[info] set current project to Simple Project (in build file:/F:/SPARK%20APP%20TAKS%202/)
[debug] > Exec(sbtPopOnFailure, None, None)
[debug] > Exec(resumeFromFailure, None, None)
[debug] > Exec(notifyUsersAboutShell, None, None)
[debug] > Exec(iflast shell, None, None)
[debug] > Exec(shell, None, None)
[info] sbt server started at local:sbt-server-e1529b78c5ac6ee3ba90
[debug] Forcing garbage collection...
